{"name": "test_searching", "status": "broken", "statusDetails": {"message": "selenium.common.exceptions.TimeoutException: Message: \nStacktrace:\n\tGetHandleVerifier [0x00007FF69EA882B2+55298]\n\t(No symbol) [0x00007FF69E9F5E02]\n\t(No symbol) [0x00007FF69E8B05AB]\n\t(No symbol) [0x00007FF69E8F175C]\n\t(No symbol) [0x00007FF69E8F18DC]\n\t(No symbol) [0x00007FF69E92CBC7]\n\t(No symbol) [0x00007FF69E9120EF]\n\t(No symbol) [0x00007FF69E92AAA4]\n\t(No symbol) [0x00007FF69E911E83]\n\t(No symbol) [0x00007FF69E8E670A]\n\t(No symbol) [0x00007FF69E8E7964]\n\tGetHandleVerifier [0x00007FF69EE00AAB+3694587]\n\tGetHandleVerifier [0x00007FF69EE5728E+4048862]\n\tGetHandleVerifier [0x00007FF69EE4F173+4015811]\n\tGetHandleVerifier [0x00007FF69EB247D6+695590]\n\t(No symbol) [0x00007FF69EA00CE8]\n\t(No symbol) [0x00007FF69E9FCF34]\n\t(No symbol) [0x00007FF69E9FD062]\n\t(No symbol) [0x00007FF69E9ED3A3]\n\tBaseThreadInitThunk [0x00007FF827377344+20]\n\tRtlUserThreadStart [0x00007FF827F426B1+33]", "trace": "self = <test_navigating_through_pages.TestNavigatingPages object at 0x0000028585DAC190>\n\n    def test_searching(self):\n>       self.searching_navigating()\n\nsix_pm_project\\POM\\tests\\test_navigating_through_pages.py:9: \n_ _ _ _ _ _ _ _ _ _ _ _ _ _ _ _ _ _ _ _ _ _ _ _ _ _ _ _ _ _ _ _ _ _ _ _ _ _ _ _ _ _ _ _ _ _ _ _ _ _ _ _ _ _ _ _ _ _ _ _ _ _ _ _ _ _ _ _ _ _ _ _ _ _ _ _ _ _ _ _ _ _ _ _ _ _ _ _ _ _\nsix_pm_project\\POM\\tests\\base_test.py:15: in searching_navigating\n    self.homepage.click_on_email_field_and_input_email()\nsix_pm_project\\POM\\pages\\home_page.py:27: in click_on_email_field_and_input_email\n    self.find_and_send_keys(self.email_field_loc, \"gasparyan.levon177@gmail.com\")\nsix_pm_project\\POM\\library\\helpers.py:30: in find_and_send_keys\n    elem = self.find(loc, timeout)\nsix_pm_project\\POM\\library\\helpers.py:17: in find\n    elem = WebDriverWait(self.driver, timeout).until(ec.presence_of_element_located(loc))\n_ _ _ _ _ _ _ _ _ _ _ _ _ _ _ _ _ _ _ _ _ _ _ _ _ _ _ _ _ _ _ _ _ _ _ _ _ _ _ _ _ _ _ _ _ _ _ _ _ _ _ _ _ _ _ _ _ _ _ _ _ _ _ _ _ _ _ _ _ _ _ _ _ _ _ _ _ _ _ _ _ _ _ _ _ _ _ _ _ _\n\nself = <selenium.webdriver.support.wait.WebDriverWait (session=\"917ddb54f86f34dd38f33e456cb8443d\")>\nmethod = <function presence_of_element_located.<locals>._predicate at 0x0000028585D67060>, message = ''\n\n    def until(self, method: Callable[[WebDriver], Union[Literal[False], T]], message: str = \"\") -> T:\n        \"\"\"Calls the method provided with the driver as an argument until the \\\n        return value does not evaluate to ``False``.\n    \n        :param method: callable(WebDriver)\n        :param message: optional message for :exc:`TimeoutException`\n        :returns: the result of the last call to `method`\n        :raises: :exc:`selenium.common.exceptions.TimeoutException` if timeout occurs\n        \"\"\"\n        screen = None\n        stacktrace = None\n    \n        end_time = time.monotonic() + self._timeout\n        while True:\n            try:\n                value = method(self._driver)\n                if value:\n                    return value\n            except self._ignored_exceptions as exc:\n                screen = getattr(exc, \"screen\", None)\n                stacktrace = getattr(exc, \"stacktrace\", None)\n            time.sleep(self._poll)\n            if time.monotonic() > end_time:\n                break\n>       raise TimeoutException(message, screen, stacktrace)\nE       selenium.common.exceptions.TimeoutException: Message: \nE       Stacktrace:\nE       \tGetHandleVerifier [0x00007FF69EA882B2+55298]\nE       \t(No symbol) [0x00007FF69E9F5E02]\nE       \t(No symbol) [0x00007FF69E8B05AB]\nE       \t(No symbol) [0x00007FF69E8F175C]\nE       \t(No symbol) [0x00007FF69E8F18DC]\nE       \t(No symbol) [0x00007FF69E92CBC7]\nE       \t(No symbol) [0x00007FF69E9120EF]\nE       \t(No symbol) [0x00007FF69E92AAA4]\nE       \t(No symbol) [0x00007FF69E911E83]\nE       \t(No symbol) [0x00007FF69E8E670A]\nE       \t(No symbol) [0x00007FF69E8E7964]\nE       \tGetHandleVerifier [0x00007FF69EE00AAB+3694587]\nE       \tGetHandleVerifier [0x00007FF69EE5728E+4048862]\nE       \tGetHandleVerifier [0x00007FF69EE4F173+4015811]\nE       \tGetHandleVerifier [0x00007FF69EB247D6+695590]\nE       \t(No symbol) [0x00007FF69EA00CE8]\nE       \t(No symbol) [0x00007FF69E9FCF34]\nE       \t(No symbol) [0x00007FF69E9FD062]\nE       \t(No symbol) [0x00007FF69E9ED3A3]\nE       \tBaseThreadInitThunk [0x00007FF827377344+20]\nE       \tRtlUserThreadStart [0x00007FF827F426B1+33]\n\nvenv\\Lib\\site-packages\\selenium\\webdriver\\support\\wait.py:101: TimeoutException"}, "attachments": [{"name": "log", "source": "3d6c9580-3a06-4f28-84b5-25cf40e3da7a-attachment.txt", "type": "text/plain"}], "start": 1701853315045, "stop": 1701853325755, "uuid": "4cfa9ffc-50a3-42df-9180-fb2b756261b6", "historyId": "0257b8849c28d38dc84f675aa3c0fd87", "testCaseId": "0257b8849c28d38dc84f675aa3c0fd87", "fullName": "six_pm_project.POM.tests.test_navigating_through_pages.TestNavigatingPages#test_searching", "labels": [{"name": "tag", "value": "@pytest.mark.usefixtures('get_driver')"}, {"name": "parentSuite", "value": "six_pm_project.POM.tests"}, {"name": "suite", "value": "test_navigating_through_pages"}, {"name": "subSuite", "value": "TestNavigatingPages"}, {"name": "host", "value": "Levon-Predator"}, {"name": "thread", "value": "9520-MainThread"}, {"name": "framework", "value": "pytest"}, {"name": "language", "value": "cpython3"}, {"name": "package", "value": "six_pm_project.POM.tests.test_navigating_through_pages"}]}